0 silly argv {
0 silly argv   _: [ 'version' ],
0 silly argv   lernaVersion: '5.1.4',
0 silly argv   '$0': 'node_modules/.bin/lerna'
0 silly argv }
1 notice cli v5.1.4
2 verbose rootPath /Users/jhonatan/workspace/default-components
3 info versioning independent
4 silly isAnythingCommitted
5 verbose isAnythingCommitted 1
6 silly getCurrentBranch
7 verbose currentBranch main
8 silly remoteBranchExists
9 silly isBehindUpstream
10 silly isBehindUpstream main is behind origin/main by 0 commit(s) and ahead by 0
11 silly hasTags
12 verbose hasTags true
13 silly git-describe.sync "button@1.0.2-1-g1b9555f" => {"lastTagName":"button@1.0.2","lastVersion":"1.0.2","refCount":"1","sha":"1b9555f","isDirty":false}
14 info Looking for changed packages since button@1.0.2
15 silly checking diff packages/button
16 silly found diff in packages/button/package.json
17 verbose filtered diff [ 'packages/button/package.json' ]
18 silly checking diff packages/input
19 silly no diff found in input
20 verbose updated button
21 verbose git-describe undefined => "button@1.0.2-1-g1b9555f"
22 silly git-describe parsed => {"lastTagName":"button@1.0.2","lastVersion":"1.0.2","refCount":"1","sha":"1b9555f","isDirty":false}
23 info execute Skipping releases
24 silly lifecycle No script for "preversion" in "root", continuing
25 silly lifecycle No script for "preversion" in "button", continuing
26 silly lifecycle No script for "version" in "button", continuing
27 silly lifecycle No script for "version" in "root", continuing
28 silly gitAdd [ 'packages/button/package.json' ]
29 silly gitCommit Publish
29 silly gitCommit
29 silly gitCommit  - button@1.0.2
30 verbose git [
30 verbose git   'commit',
30 verbose git   '-F',
30 verbose git   '/private/var/folders/5v/srn8f_0n6tb3g8dbk376195c0000gn/T/4ef53381-2c93-46d2-8634-4315e0b73567/lerna-commit.txt'
30 verbose git ]
31 silly gitTag button@1.0.2
32 verbose git [ 'tag', 'button@1.0.2', '-m', 'button@1.0.2' ]
33 error Error: Command failed with exit code 128: git tag button@1.0.2 -m button@1.0.2
33 error fatal: tag 'button@1.0.2' already exists
33 error     at makeError (/Users/jhonatan/workspace/default-components/node_modules/execa/lib/error.js:60:11)
33 error     at handlePromise (/Users/jhonatan/workspace/default-components/node_modules/execa/index.js:118:26)
33 error     at processTicksAndRejections (internal/process/task_queues.js:95:5)
33 error     at async Promise.all (index 0)
33 error     at async Promise.all (index 0)
